<?xml version="1.0" encoding="UTF-8"?>
<!-- Generated by org.testng.reporters.JUnitXMLReporter -->
<testsuite hostname="DESKTOP-1DP07CK" ignored="1" name="List CRUD Operations" tests="8" failures="0" timestamp="28 Jul 2020 21:55:59 GMT" time="9.041" errors="0">
  <testcase name="addItemsToInvalidList" time="1.37" classname="com.takeaway.testcases.ListNegativeTestcases"/>
  <testcase name="createListWithInvalidAccessToken" time="0.276" classname="com.takeaway.testcases.ListNegativeTestcases"/>
  <testcase name="addItemsToList" time="2.082" classname="com.takeaway.testcases.ListPositiveTestcases"/>
  <testcase name="clearItemsFromList" time="1.424" classname="com.takeaway.testcases.ListPositiveTestcases"/>
  <testcase name="createList" time="0.257" classname="com.takeaway.testcases.ListPositiveTestcases"/>
  <testcase name="deleteItemsFromList" time="1.027" classname="com.takeaway.testcases.ListPositiveTestcases"/>
  <testcase name="updateItemsFromList" time="1.279" classname="com.takeaway.testcases.ListPositiveTestcases"/>
  <testcase name="updateList" time="0.59" classname="com.takeaway.testcases.ListPositiveTestcases"/>
  <testcase name="@BeforeSuite baseBeforeTest" time="0.0" classname="com.takeaway.testcases.BaseTest">
    <ignored/>
  </testcase> <!-- @BeforeSuite baseBeforeTest -->
</testsuite> <!-- List CRUD Operations -->
