<?xml version="1.0" encoding="UTF-8"?>
<!-- Generated by org.testng.reporters.JUnitXMLReporter -->
<testsuite hostname="DESKTOP-1DP07CK" ignored="0" name="List operations" tests="5" failures="0" timestamp="28 Jul 2020 14:41:47 GMT" time="9.079" errors="0">
  <testcase name="testClearItemsFromList" time="1.507" classname="com.takeaway.testcases.ListTests"/>
  <testcase name="testCreateList" time="0.001" classname="com.takeaway.testcases.ListTests"/>
  <testcase name="testDeleteItemsFromList" time="1.101" classname="com.takeaway.testcases.ListTests"/>
  <testcase name="testUpdateItemsFromList" time="1.145" classname="com.takeaway.testcases.ListTests"/>
  <testcase name="testUpdateList" time="0.464" classname="com.takeaway.testcases.ListTests"/>
</testsuite> <!-- List operations -->
