<?xml version="1.0" encoding="UTF-8"?>
<testsuite xmlns:xsi="http://www.w3.org/2001/XMLSchema-instance" xsi:schemaLocation="https://maven.apache.org/surefire/maven-surefire-plugin/xsd/surefire-test-report.xsd" name="TestSuite" time="10.497" tests="8" errors="0" skipped="0" failures="0">
  <properties>
[...]
</properties>
  <testcase name="addItemsToInvalidList" classname="com.takeaway.testcases.ListNegativeTestcases" time="1.373"/>
  <testcase name="createListWithInvalidAccessToken" classname="com.takeaway.testcases.ListNegativeTestcases" time="0.268"/>
  <testcase name="addItemsToList" classname="com.takeaway.testcases.ListPositiveTestcases" time="0.698"/>
  <testcase name="clearItemsFromList" classname="com.takeaway.testcases.ListPositiveTestcases" time="1.424"/>
  <testcase name="createList" classname="com.takeaway.testcases.ListPositiveTestcases" time="0.257"/>
  <testcase name="deleteItemsFromList" classname="com.takeaway.testcases.ListPositiveTestcases" time="1.026"/>
  <testcase name="updateItemsFromList" classname="com.takeaway.testcases.ListPositiveTestcases" time="1.279"/>
  <testcase name="updateList" classname="com.takeaway.testcases.ListPositiveTestcases" time="0.589"/>
</testsuite>